SF:lib\data\datasources\polygon_test_mock.dart
DA:10,1
DA:12,1
DA:14,1
DA:20,2
DA:23,1
DA:24,1
DA:26,1
DA:27,0
DA:28,2
DA:31,0
DA:32,0
DA:36,0
DA:40,0
DA:42,0
DA:43,0
DA:48,0
DA:49,0
DA:50,0
DA:53,0
DA:54,0
LF:20
LH:8
end_of_record
SF:lib\data\env\env.dart
DA:7,0
DA:8,0
DA:15,3
DA:16,2
LF:4
LH:2
end_of_record
SF:lib\domain\bussiness_logic\currencydivisas\realtime_currency_cubit.dart
DA:11,1
DA:13,2
DA:15,1
DA:16,2
DA:18,1
DA:19,1
DA:20,1
DA:22,2
DA:23,2
DA:28,0
LF:10
LH:9
end_of_record
SF:lib\domain\bussiness_logic\currencydivisas\realtime_currency_state.dart
DA:4,1
DA:5,1
DA:14,1
DA:15,1
DA:16,1
DA:17,1
LF:6
LH:6
end_of_record
SF:lib\domain\models\currency_conversion_model.dart
DA:13,2
DA:24,1
DA:25,1
DA:26,1
DA:27,1
DA:28,3
DA:29,3
DA:30,3
DA:31,3
DA:32,1
DA:33,1
DA:37,0
DA:43,0
LF:13
LH:11
end_of_record
SF:lib\data\api\api_manager.dart
DA:18,1
DA:25,1
DA:34,1
DA:35,2
DA:37,1
DA:39,0
DA:47,0
DA:48,0
DA:57,0
DA:59,0
DA:63,0
DA:69,0
DA:70,0
DA:76,0
DA:77,0
DA:78,0
DA:79,0
DA:80,0
DA:81,0
DA:82,0
DA:83,0
DA:87,0
DA:88,0
DA:89,0
DA:90,0
DA:91,0
DA:95,0
DA:96,0
DA:97,0
DA:98,0
DA:99,0
DA:104,0
DA:105,0
DA:106,0
DA:107,0
DA:115,1
DA:116,1
DA:118,1
DA:119,3
DA:120,1
LF:40
LH:10
end_of_record
SF:lib\data\services\result.dart
DA:4,1
DA:27,1
DA:29,1
DA:34,2
DA:36,0
DA:39,1
DA:42,0
DA:45,1
DA:46,1
DA:53,0
DA:55,0
DA:60,0
DA:62,0
DA:65,0
DA:68,0
DA:69,0
DA:71,0
DA:81,1
DA:92,1
DA:97,0
DA:99,0
DA:105,0
DA:106,0
DA:107,0
DA:108,0
DA:109,0
DA:113,0
DA:114,0
DA:115,0
DA:116,0
DA:117,0
DA:118,0
LF:32
LH:9
end_of_record
SF:lib\data\services\error_handler.dart
DA:3,0
LF:1
LH:0
end_of_record
SF:lib\screens\utils\time_convert.dart
DA:3,3
DA:4,0
DA:5,0
DA:6,0
DA:8,1
DA:11,1
DA:12,3
DA:13,1
DA:14,1
DA:15,0
DA:19,0
DA:22,0
DA:23,0
DA:24,0
DA:25,0
DA:26,0
DA:30,0
DA:31,0
DA:32,0
DA:35,0
DA:36,0
LF:21
LH:6
end_of_record
